<?xml version="1.0" encoding="UTF-8"?>
<!-- Generated by org.testng.reporters.JUnitReportReporter -->
<testsuite hostname="DESKTOP-788PH5V" failures="0" tests="1" name="com.Accenture.letMeShop.Login_Test" time="7.975" errors="0" timestamp="2024-07-28T22:54:20 IST" skipped="0">
  <testcase classname="com.Accenture.letMeShop.Login_Test" name="loginWithUser" time="7.975"/>
  <system-out/>
</testsuite> <!-- com.Accenture.letMeShop.Login_Test -->
