<?xml version="1.0" encoding="UTF-8"?>
<!-- Generated by org.testng.reporters.JUnitReportReporter -->
<testsuite hostname="DESKTOP-788PH5V" failures="0" tests="1" name="com.Accenture.letMeShop.Register_Test" time="8.576" errors="0" timestamp="2024-07-28T22:42:56 IST" skipped="0">
  <testcase classname="com.Accenture.letMeShop.Register_Test" name="RegisterUser" time="8.576"/>
  <system-out/>
</testsuite> <!-- com.Accenture.letMeShop.Register_Test -->
